[2016-01-01 12:09:46] production.ERROR: exception 'Symfony\Component\HttpKernel\Exception\NotFoundHttpException' in C:\xampp\htdocs\liburan\vendor\laravel\framework\src\Illuminate\Routing\RouteCollection.php:148
Stack trace:
#0 C:\xampp\htdocs\liburan\vendor\laravel\framework\src\Illuminate\Routing\Router.php(1054): Illuminate\Routing\RouteCollection->match(Object(Illuminate\Http\Request))
#1 C:\xampp\htdocs\liburan\vendor\laravel\framework\src\Illuminate\Routing\Router.php(1022): Illuminate\Routing\Router->findRoute(Object(Illuminate\Http\Request))
#2 C:\xampp\htdocs\liburan\vendor\laravel\framework\src\Illuminate\Routing\Router.php(1001): Illuminate\Routing\Router->dispatchToRoute(Object(Illuminate\Http\Request))
#3 C:\xampp\htdocs\liburan\vendor\laravel\framework\src\Illuminate\Foundation\Application.php(775): Illuminate\Routing\Router->dispatch(Object(Illuminate\Http\Request))
#4 C:\xampp\htdocs\liburan\vendor\laravel\framework\src\Illuminate\Foundation\Application.php(745): Illuminate\Foundation\Application->dispatch(Object(Illuminate\Http\Request))
#5 C:\xampp\htdocs\liburan\vendor\laravel\framework\src\Illuminate\Session\Middleware.php(72): Illuminate\Foundation\Application->handle(Object(Illuminate\Http\Request), 1, true)
#6 C:\xampp\htdocs\liburan\vendor\laravel\framework\src\Illuminate\Cookie\Queue.php(47): Illuminate\Session\Middleware->handle(Object(Illuminate\Http\Request), 1, true)
#7 C:\xampp\htdocs\liburan\vendor\laravel\framework\src\Illuminate\Cookie\Guard.php(51): Illuminate\Cookie\Queue->handle(Object(Illuminate\Http\Request), 1, true)
#8 C:\xampp\htdocs\liburan\vendor\stack\builder\src\Stack\StackedHttpKernel.php(23): Illuminate\Cookie\Guard->handle(Object(Illuminate\Http\Request), 1, true)
#9 C:\xampp\htdocs\liburan\vendor\laravel\framework\src\Illuminate\Foundation\Application.php(641): Stack\StackedHttpKernel->handle(Object(Illuminate\Http\Request))
#10 C:\xampp\htdocs\liburan\public\index.php(49): Illuminate\Foundation\Application->run()
#11 {main} [] []
[2016-01-01 12:37:23] production.ERROR: exception 'Symfony\Component\HttpKernel\Exception\NotFoundHttpException' in C:\xampp\htdocs\liburan\vendor\laravel\framework\src\Illuminate\Routing\RouteCollection.php:148
Stack trace:
#0 C:\xampp\htdocs\liburan\vendor\laravel\framework\src\Illuminate\Routing\Router.php(1054): Illuminate\Routing\RouteCollection->match(Object(Illuminate\Http\Request))
#1 C:\xampp\htdocs\liburan\vendor\laravel\framework\src\Illuminate\Routing\Router.php(1022): Illuminate\Routing\Router->findRoute(Object(Illuminate\Http\Request))
#2 C:\xampp\htdocs\liburan\vendor\laravel\framework\src\Illuminate\Routing\Router.php(1001): Illuminate\Routing\Router->dispatchToRoute(Object(Illuminate\Http\Request))
#3 C:\xampp\htdocs\liburan\vendor\laravel\framework\src\Illuminate\Foundation\Application.php(775): Illuminate\Routing\Router->dispatch(Object(Illuminate\Http\Request))
#4 C:\xampp\htdocs\liburan\vendor\laravel\framework\src\Illuminate\Foundation\Application.php(745): Illuminate\Foundation\Application->dispatch(Object(Illuminate\Http\Request))
#5 C:\xampp\htdocs\liburan\vendor\laravel\framework\src\Illuminate\Session\Middleware.php(72): Illuminate\Foundation\Application->handle(Object(Illuminate\Http\Request), 1, true)
#6 C:\xampp\htdocs\liburan\vendor\laravel\framework\src\Illuminate\Cookie\Queue.php(47): Illuminate\Session\Middleware->handle(Object(Illuminate\Http\Request), 1, true)
#7 C:\xampp\htdocs\liburan\vendor\laravel\framework\src\Illuminate\Cookie\Guard.php(51): Illuminate\Cookie\Queue->handle(Object(Illuminate\Http\Request), 1, true)
#8 C:\xampp\htdocs\liburan\vendor\stack\builder\src\Stack\StackedHttpKernel.php(23): Illuminate\Cookie\Guard->handle(Object(Illuminate\Http\Request), 1, true)
#9 C:\xampp\htdocs\liburan\vendor\laravel\framework\src\Illuminate\Foundation\Application.php(641): Stack\StackedHttpKernel->handle(Object(Illuminate\Http\Request))
#10 C:\xampp\htdocs\liburan\public\index.php(49): Illuminate\Foundation\Application->run()
#11 {main} [] []
[2016-01-01 12:59:58] production.ERROR: exception 'Symfony\Component\HttpKernel\Exception\NotFoundHttpException' in C:\xampp\htdocs\liburan\vendor\laravel\framework\src\Illuminate\Routing\RouteCollection.php:148
Stack trace:
#0 C:\xampp\htdocs\liburan\vendor\laravel\framework\src\Illuminate\Routing\Router.php(1054): Illuminate\Routing\RouteCollection->match(Object(Illuminate\Http\Request))
#1 C:\xampp\htdocs\liburan\vendor\laravel\framework\src\Illuminate\Routing\Router.php(1022): Illuminate\Routing\Router->findRoute(Object(Illuminate\Http\Request))
#2 C:\xampp\htdocs\liburan\vendor\laravel\framework\src\Illuminate\Routing\Router.php(1001): Illuminate\Routing\Router->dispatchToRoute(Object(Illuminate\Http\Request))
#3 C:\xampp\htdocs\liburan\vendor\laravel\framework\src\Illuminate\Foundation\Application.php(775): Illuminate\Routing\Router->dispatch(Object(Illuminate\Http\Request))
#4 C:\xampp\htdocs\liburan\vendor\laravel\framework\src\Illuminate\Foundation\Application.php(745): Illuminate\Foundation\Application->dispatch(Object(Illuminate\Http\Request))
#5 C:\xampp\htdocs\liburan\vendor\laravel\framework\src\Illuminate\Session\Middleware.php(72): Illuminate\Foundation\Application->handle(Object(Illuminate\Http\Request), 1, true)
#6 C:\xampp\htdocs\liburan\vendor\laravel\framework\src\Illuminate\Cookie\Queue.php(47): Illuminate\Session\Middleware->handle(Object(Illuminate\Http\Request), 1, true)
#7 C:\xampp\htdocs\liburan\vendor\laravel\framework\src\Illuminate\Cookie\Guard.php(51): Illuminate\Cookie\Queue->handle(Object(Illuminate\Http\Request), 1, true)
#8 C:\xampp\htdocs\liburan\vendor\stack\builder\src\Stack\StackedHttpKernel.php(23): Illuminate\Cookie\Guard->handle(Object(Illuminate\Http\Request), 1, true)
#9 C:\xampp\htdocs\liburan\vendor\laravel\framework\src\Illuminate\Foundation\Application.php(641): Stack\StackedHttpKernel->handle(Object(Illuminate\Http\Request))
#10 C:\xampp\htdocs\liburan\public\index.php(49): Illuminate\Foundation\Application->run()
#11 {main} [] []
[2016-01-01 15:50:32] production.ERROR: exception 'Symfony\Component\HttpKernel\Exception\NotFoundHttpException' in C:\xampp\htdocs\liburan\vendor\laravel\framework\src\Illuminate\Routing\RouteCollection.php:148
Stack trace:
#0 C:\xampp\htdocs\liburan\vendor\laravel\framework\src\Illuminate\Routing\Router.php(1054): Illuminate\Routing\RouteCollection->match(Object(Illuminate\Http\Request))
#1 C:\xampp\htdocs\liburan\vendor\laravel\framework\src\Illuminate\Routing\Router.php(1022): Illuminate\Routing\Router->findRoute(Object(Illuminate\Http\Request))
#2 C:\xampp\htdocs\liburan\vendor\laravel\framework\src\Illuminate\Routing\Router.php(1001): Illuminate\Routing\Router->dispatchToRoute(Object(Illuminate\Http\Request))
#3 C:\xampp\htdocs\liburan\vendor\laravel\framework\src\Illuminate\Foundation\Application.php(775): Illuminate\Routing\Router->dispatch(Object(Illuminate\Http\Request))
#4 C:\xampp\htdocs\liburan\vendor\laravel\framework\src\Illuminate\Foundation\Application.php(745): Illuminate\Foundation\Application->dispatch(Object(Illuminate\Http\Request))
#5 C:\xampp\htdocs\liburan\vendor\laravel\framework\src\Illuminate\Session\Middleware.php(72): Illuminate\Foundation\Application->handle(Object(Illuminate\Http\Request), 1, true)
#6 C:\xampp\htdocs\liburan\vendor\laravel\framework\src\Illuminate\Cookie\Queue.php(47): Illuminate\Session\Middleware->handle(Object(Illuminate\Http\Request), 1, true)
#7 C:\xampp\htdocs\liburan\vendor\laravel\framework\src\Illuminate\Cookie\Guard.php(51): Illuminate\Cookie\Queue->handle(Object(Illuminate\Http\Request), 1, true)
#8 C:\xampp\htdocs\liburan\vendor\stack\builder\src\Stack\StackedHttpKernel.php(23): Illuminate\Cookie\Guard->handle(Object(Illuminate\Http\Request), 1, true)
#9 C:\xampp\htdocs\liburan\vendor\laravel\framework\src\Illuminate\Foundation\Application.php(641): Stack\StackedHttpKernel->handle(Object(Illuminate\Http\Request))
#10 C:\xampp\htdocs\liburan\public\index.php(49): Illuminate\Foundation\Application->run()
#11 {main} [] []
[2016-01-01 23:41:26] production.ERROR: exception 'InvalidArgumentException' with message 'View [home.login] not found.' in C:\xampp\htdocs\liburan\vendor\laravel\framework\src\Illuminate\View\FileViewFinder.php:146
Stack trace:
#0 C:\xampp\htdocs\liburan\vendor\laravel\framework\src\Illuminate\View\FileViewFinder.php(83): Illuminate\View\FileViewFinder->findInPaths('home.login', Array)
#1 C:\xampp\htdocs\liburan\vendor\laravel\framework\src\Illuminate\View\Factory.php(124): Illuminate\View\FileViewFinder->find('home.login')
#2 C:\xampp\htdocs\liburan\vendor\laravel\framework\src\Illuminate\Support\Facades\Facade.php(208): Illuminate\View\Factory->make('home.login')
#3 C:\xampp\htdocs\liburan\app\controllers\HomeController.php(30): Illuminate\Support\Facades\Facade::__callStatic('make', Array)
#4 C:\xampp\htdocs\liburan\app\controllers\HomeController.php(30): Illuminate\Support\Facades\View::make('home.login')
#5 [internal function]: HomeController->getLogin()
#6 C:\xampp\htdocs\liburan\vendor\laravel\framework\src\Illuminate\Routing\Controller.php(231): call_user_func_array(Array, Array)
#7 C:\xampp\htdocs\liburan\vendor\laravel\framework\src\Illuminate\Routing\ControllerDispatcher.php(93): Illuminate\Routing\Controller->callAction('getLogin', Array)
#8 C:\xampp\htdocs\liburan\vendor\laravel\framework\src\Illuminate\Routing\ControllerDispatcher.php(62): Illuminate\Routing\ControllerDispatcher->call(Object(HomeController), Object(Illuminate\Routing\Route), 'getLogin')
#9 C:\xampp\htdocs\liburan\vendor\laravel\framework\src\Illuminate\Routing\Router.php(967): Illuminate\Routing\ControllerDispatcher->dispatch(Object(Illuminate\Routing\Route), Object(Illuminate\Http\Request), 'HomeController', 'getLogin')
#10 [internal function]: Illuminate\Routing\Router->Illuminate\Routing\{closure}()
#11 C:\xampp\htdocs\liburan\vendor\laravel\framework\src\Illuminate\Routing\Route.php(109): call_user_func_array(Object(Closure), Array)
#12 C:\xampp\htdocs\liburan\vendor\laravel\framework\src\Illuminate\Routing\Router.php(1033): Illuminate\Routing\Route->run(Object(Illuminate\Http\Request))
#13 C:\xampp\htdocs\liburan\vendor\laravel\framework\src\Illuminate\Routing\Router.php(1001): Illuminate\Routing\Router->dispatchToRoute(Object(Illuminate\Http\Request))
#14 C:\xampp\htdocs\liburan\vendor\laravel\framework\src\Illuminate\Foundation\Application.php(775): Illuminate\Routing\Router->dispatch(Object(Illuminate\Http\Request))
#15 C:\xampp\htdocs\liburan\vendor\laravel\framework\src\Illuminate\Foundation\Application.php(745): Illuminate\Foundation\Application->dispatch(Object(Illuminate\Http\Request))
#16 C:\xampp\htdocs\liburan\vendor\laravel\framework\src\Illuminate\Session\Middleware.php(72): Illuminate\Foundation\Application->handle(Object(Illuminate\Http\Request), 1, true)
#17 C:\xampp\htdocs\liburan\vendor\laravel\framework\src\Illuminate\Cookie\Queue.php(47): Illuminate\Session\Middleware->handle(Object(Illuminate\Http\Request), 1, true)
#18 C:\xampp\htdocs\liburan\vendor\laravel\framework\src\Illuminate\Cookie\Guard.php(51): Illuminate\Cookie\Queue->handle(Object(Illuminate\Http\Request), 1, true)
#19 C:\xampp\htdocs\liburan\vendor\stack\builder\src\Stack\StackedHttpKernel.php(23): Illuminate\Cookie\Guard->handle(Object(Illuminate\Http\Request), 1, true)
#20 C:\xampp\htdocs\liburan\vendor\laravel\framework\src\Illuminate\Foundation\Application.php(641): Stack\StackedHttpKernel->handle(Object(Illuminate\Http\Request))
#21 C:\xampp\htdocs\liburan\public\index.php(49): Illuminate\Foundation\Application->run()
#22 {main} [] []
[2016-01-01 23:51:08] production.ERROR: exception 'Symfony\Component\Debug\Exception\FatalErrorException' with message 'syntax error, unexpected '=>' (T_DOUBLE_ARROW)' in C:\xampp\htdocs\liburan\app\storage\views\3e67f1609f466aa71a7a75f748d4b9ad:7
Stack trace:
#0 [internal function]: Illuminate\Exception\Handler->handleShutdown()
#1 {main} [] []
[2016-01-02 00:20:56] production.ERROR: exception 'PDOException' with message 'SQLSTATE[HY000] [1044] Access denied for user ''@'localhost' to database 'forge'' in C:\xampp\htdocs\liburan\vendor\laravel\framework\src\Illuminate\Database\Connectors\Connector.php:47
Stack trace:
#0 C:\xampp\htdocs\liburan\vendor\laravel\framework\src\Illuminate\Database\Connectors\Connector.php(47): PDO->__construct('mysql:host=loca...', 'forge', '', Array)
#1 C:\xampp\htdocs\liburan\vendor\laravel\framework\src\Illuminate\Database\Connectors\MySqlConnector.php(20): Illuminate\Database\Connectors\Connector->createConnection('mysql:host=loca...', Array, Array)
#2 C:\xampp\htdocs\liburan\vendor\laravel\framework\src\Illuminate\Database\Connectors\ConnectionFactory.php(57): Illuminate\Database\Connectors\MySqlConnector->connect(Array)
#3 C:\xampp\htdocs\liburan\vendor\laravel\framework\src\Illuminate\Database\Connectors\ConnectionFactory.php(46): Illuminate\Database\Connectors\ConnectionFactory->createSingleConnection(Array)
#4 C:\xampp\htdocs\liburan\vendor\laravel\framework\src\Illuminate\Database\DatabaseManager.php(176): Illuminate\Database\Connectors\ConnectionFactory->make(Array, 'mysql')
#5 C:\xampp\htdocs\liburan\vendor\laravel\framework\src\Illuminate\Database\DatabaseManager.php(64): Illuminate\Database\DatabaseManager->makeConnection('mysql')
#6 C:\xampp\htdocs\liburan\vendor\laravel\framework\src\Illuminate\Database\Eloquent\Model.php(2922): Illuminate\Database\DatabaseManager->connection(NULL)
#7 C:\xampp\htdocs\liburan\vendor\laravel\framework\src\Illuminate\Database\Eloquent\Model.php(2888): Illuminate\Database\Eloquent\Model::resolveConnection(NULL)
#8 C:\xampp\htdocs\liburan\vendor\laravel\framework\src\Illuminate\Database\Eloquent\Model.php(1849): Illuminate\Database\Eloquent\Model->getConnection()
#9 C:\xampp\htdocs\liburan\vendor\laravel\framework\src\Illuminate\Database\Eloquent\Model.php(1790): Illuminate\Database\Eloquent\Model->newBaseQueryBuilder()
#10 C:\xampp\htdocs\liburan\vendor\laravel\framework\src\Illuminate\Database\Eloquent\Model.php(1764): Illuminate\Database\Eloquent\Model->newQueryWithoutScopes()
#11 C:\xampp\htdocs\liburan\vendor\laravel\framework\src\Illuminate\Auth\EloquentUserProvider.php(87): Illuminate\Database\Eloquent\Model->newQuery()
#12 C:\xampp\htdocs\liburan\vendor\laravel\framework\src\Illuminate\Auth\Guard.php(354): Illuminate\Auth\EloquentUserProvider->retrieveByCredentials(Array)
#13 [internal function]: Illuminate\Auth\Guard->attempt(Array)
#14 C:\xampp\htdocs\liburan\vendor\laravel\framework\src\Illuminate\Support\Manager.php(138): call_user_func_array(Array, Array)
#15 C:\xampp\htdocs\liburan\vendor\laravel\framework\src\Illuminate\Support\Facades\Facade.php(208): Illuminate\Support\Manager->__call('attempt', Array)
#16 C:\xampp\htdocs\liburan\vendor\laravel\framework\src\Illuminate\Support\Facades\Facade.php(208): Illuminate\Auth\AuthManager->attempt(Array)
#17 C:\xampp\htdocs\liburan\app\controllers\LogController.php(16): Illuminate\Support\Facades\Facade::__callStatic('attempt', Array)
#18 C:\xampp\htdocs\liburan\app\controllers\LogController.php(16): Illuminate\Support\Facades\Auth::attempt(Array)
#19 [internal function]: LogController->postMasuk()
#20 C:\xampp\htdocs\liburan\vendor\laravel\framework\src\Illuminate\Routing\Controller.php(231): call_user_func_array(Array, Array)
#21 C:\xampp\htdocs\liburan\vendor\laravel\framework\src\Illuminate\Routing\ControllerDispatcher.php(93): Illuminate\Routing\Controller->callAction('postMasuk', Array)
#22 C:\xampp\htdocs\liburan\vendor\laravel\framework\src\Illuminate\Routing\ControllerDispatcher.php(62): Illuminate\Routing\ControllerDispatcher->call(Object(LogController), Object(Illuminate\Routing\Route), 'postMasuk')
#23 C:\xampp\htdocs\liburan\vendor\laravel\framework\src\Illuminate\Routing\Router.php(967): Illuminate\Routing\ControllerDispatcher->dispatch(Object(Illuminate\Routing\Route), Object(Illuminate\Http\Request), 'LogController', 'postMasuk')
#24 [internal function]: Illuminate\Routing\Router->Illuminate\Routing\{closure}()
#25 C:\xampp\htdocs\liburan\vendor\laravel\framework\src\Illuminate\Routing\Route.php(109): call_user_func_array(Object(Closure), Array)
#26 C:\xampp\htdocs\liburan\vendor\laravel\framework\src\Illuminate\Routing\Router.php(1033): Illuminate\Routing\Route->run(Object(Illuminate\Http\Request))
#27 C:\xampp\htdocs\liburan\vendor\laravel\framework\src\Illuminate\Routing\Router.php(1001): Illuminate\Routing\Router->dispatchToRoute(Object(Illuminate\Http\Request))
#28 C:\xampp\htdocs\liburan\vendor\laravel\framework\src\Illuminate\Foundation\Application.php(775): Illuminate\Routing\Router->dispatch(Object(Illuminate\Http\Request))
#29 C:\xampp\htdocs\liburan\vendor\laravel\framework\src\Illuminate\Foundation\Application.php(745): Illuminate\Foundation\Application->dispatch(Object(Illuminate\Http\Request))
#30 C:\xampp\htdocs\liburan\vendor\laravel\framework\src\Illuminate\Session\Middleware.php(72): Illuminate\Foundation\Application->handle(Object(Illuminate\Http\Request), 1, true)
#31 C:\xampp\htdocs\liburan\vendor\laravel\framework\src\Illuminate\Cookie\Queue.php(47): Illuminate\Session\Middleware->handle(Object(Illuminate\Http\Request), 1, true)
#32 C:\xampp\htdocs\liburan\vendor\laravel\framework\src\Illuminate\Cookie\Guard.php(51): Illuminate\Cookie\Queue->handle(Object(Illuminate\Http\Request), 1, true)
#33 C:\xampp\htdocs\liburan\vendor\stack\builder\src\Stack\StackedHttpKernel.php(23): Illuminate\Cookie\Guard->handle(Object(Illuminate\Http\Request), 1, true)
#34 C:\xampp\htdocs\liburan\vendor\laravel\framework\src\Illuminate\Foundation\Application.php(641): Stack\StackedHttpKernel->handle(Object(Illuminate\Http\Request))
#35 C:\xampp\htdocs\liburan\public\index.php(49): Illuminate\Foundation\Application->run()
#36 {main} [] []
[2016-01-02 03:31:32] production.ERROR: exception 'Symfony\Component\HttpKernel\Exception\NotFoundHttpException' in C:\xampp\htdocs\liburan\vendor\laravel\framework\src\Illuminate\Routing\RouteCollection.php:148
Stack trace:
#0 C:\xampp\htdocs\liburan\vendor\laravel\framework\src\Illuminate\Routing\Router.php(1054): Illuminate\Routing\RouteCollection->match(Object(Illuminate\Http\Request))
#1 C:\xampp\htdocs\liburan\vendor\laravel\framework\src\Illuminate\Routing\Router.php(1022): Illuminate\Routing\Router->findRoute(Object(Illuminate\Http\Request))
#2 C:\xampp\htdocs\liburan\vendor\laravel\framework\src\Illuminate\Routing\Router.php(1001): Illuminate\Routing\Router->dispatchToRoute(Object(Illuminate\Http\Request))
#3 C:\xampp\htdocs\liburan\vendor\laravel\framework\src\Illuminate\Foundation\Application.php(775): Illuminate\Routing\Router->dispatch(Object(Illuminate\Http\Request))
#4 C:\xampp\htdocs\liburan\vendor\laravel\framework\src\Illuminate\Foundation\Application.php(745): Illuminate\Foundation\Application->dispatch(Object(Illuminate\Http\Request))
#5 C:\xampp\htdocs\liburan\vendor\laravel\framework\src\Illuminate\Session\Middleware.php(72): Illuminate\Foundation\Application->handle(Object(Illuminate\Http\Request), 1, true)
#6 C:\xampp\htdocs\liburan\vendor\laravel\framework\src\Illuminate\Cookie\Queue.php(47): Illuminate\Session\Middleware->handle(Object(Illuminate\Http\Request), 1, true)
#7 C:\xampp\htdocs\liburan\vendor\laravel\framework\src\Illuminate\Cookie\Guard.php(51): Illuminate\Cookie\Queue->handle(Object(Illuminate\Http\Request), 1, true)
#8 C:\xampp\htdocs\liburan\vendor\stack\builder\src\Stack\StackedHttpKernel.php(23): Illuminate\Cookie\Guard->handle(Object(Illuminate\Http\Request), 1, true)
#9 C:\xampp\htdocs\liburan\vendor\laravel\framework\src\Illuminate\Foundation\Application.php(641): Stack\StackedHttpKernel->handle(Object(Illuminate\Http\Request))
#10 C:\xampp\htdocs\liburan\public\index.php(49): Illuminate\Foundation\Application->run()
#11 {main} [] []
[2016-01-02 03:31:58] production.ERROR: exception 'PDOException' with message 'SQLSTATE[HY000] [1044] Access denied for user ''@'localhost' to database 'forge'' in C:\xampp\htdocs\liburan\vendor\laravel\framework\src\Illuminate\Database\Connectors\Connector.php:47
Stack trace:
#0 C:\xampp\htdocs\liburan\vendor\laravel\framework\src\Illuminate\Database\Connectors\Connector.php(47): PDO->__construct('mysql:host=loca...', 'forge', '', Array)
#1 C:\xampp\htdocs\liburan\vendor\laravel\framework\src\Illuminate\Database\Connectors\MySqlConnector.php(20): Illuminate\Database\Connectors\Connector->createConnection('mysql:host=loca...', Array, Array)
#2 C:\xampp\htdocs\liburan\vendor\laravel\framework\src\Illuminate\Database\Connectors\ConnectionFactory.php(57): Illuminate\Database\Connectors\MySqlConnector->connect(Array)
#3 C:\xampp\htdocs\liburan\vendor\laravel\framework\src\Illuminate\Database\Connectors\ConnectionFactory.php(46): Illuminate\Database\Connectors\ConnectionFactory->createSingleConnection(Array)
#4 C:\xampp\htdocs\liburan\vendor\laravel\framework\src\Illuminate\Database\DatabaseManager.php(176): Illuminate\Database\Connectors\ConnectionFactory->make(Array, 'mysql')
#5 C:\xampp\htdocs\liburan\vendor\laravel\framework\src\Illuminate\Database\DatabaseManager.php(64): Illuminate\Database\DatabaseManager->makeConnection('mysql')
#6 C:\xampp\htdocs\liburan\vendor\laravel\framework\src\Illuminate\Database\Eloquent\Model.php(2922): Illuminate\Database\DatabaseManager->connection(NULL)
#7 C:\xampp\htdocs\liburan\vendor\laravel\framework\src\Illuminate\Database\Eloquent\Model.php(2888): Illuminate\Database\Eloquent\Model::resolveConnection(NULL)
#8 C:\xampp\htdocs\liburan\vendor\laravel\framework\src\Illuminate\Database\Eloquent\Model.php(1849): Illuminate\Database\Eloquent\Model->getConnection()
#9 C:\xampp\htdocs\liburan\vendor\laravel\framework\src\Illuminate\Database\Eloquent\Model.php(1790): Illuminate\Database\Eloquent\Model->newBaseQueryBuilder()
#10 C:\xampp\htdocs\liburan\vendor\laravel\framework\src\Illuminate\Database\Eloquent\Model.php(1764): Illuminate\Database\Eloquent\Model->newQueryWithoutScopes()
#11 C:\xampp\htdocs\liburan\vendor\laravel\framework\src\Illuminate\Auth\EloquentUserProvider.php(87): Illuminate\Database\Eloquent\Model->newQuery()
#12 C:\xampp\htdocs\liburan\vendor\laravel\framework\src\Illuminate\Auth\Guard.php(354): Illuminate\Auth\EloquentUserProvider->retrieveByCredentials(Array)
#13 [internal function]: Illuminate\Auth\Guard->attempt(Array)
#14 C:\xampp\htdocs\liburan\vendor\laravel\framework\src\Illuminate\Support\Manager.php(138): call_user_func_array(Array, Array)
#15 C:\xampp\htdocs\liburan\vendor\laravel\framework\src\Illuminate\Support\Facades\Facade.php(208): Illuminate\Support\Manager->__call('attempt', Array)
#16 C:\xampp\htdocs\liburan\vendor\laravel\framework\src\Illuminate\Support\Facades\Facade.php(208): Illuminate\Auth\AuthManager->attempt(Array)
#17 C:\xampp\htdocs\liburan\app\controllers\LogController.php(16): Illuminate\Support\Facades\Facade::__callStatic('attempt', Array)
#18 C:\xampp\htdocs\liburan\app\controllers\LogController.php(16): Illuminate\Support\Facades\Auth::attempt(Array)
#19 [internal function]: LogController->postMasuk()
#20 C:\xampp\htdocs\liburan\vendor\laravel\framework\src\Illuminate\Routing\Controller.php(231): call_user_func_array(Array, Array)
#21 C:\xampp\htdocs\liburan\vendor\laravel\framework\src\Illuminate\Routing\ControllerDispatcher.php(93): Illuminate\Routing\Controller->callAction('postMasuk', Array)
#22 C:\xampp\htdocs\liburan\vendor\laravel\framework\src\Illuminate\Routing\ControllerDispatcher.php(62): Illuminate\Routing\ControllerDispatcher->call(Object(LogController), Object(Illuminate\Routing\Route), 'postMasuk')
#23 C:\xampp\htdocs\liburan\vendor\laravel\framework\src\Illuminate\Routing\Router.php(967): Illuminate\Routing\ControllerDispatcher->dispatch(Object(Illuminate\Routing\Route), Object(Illuminate\Http\Request), 'LogController', 'postMasuk')
#24 [internal function]: Illuminate\Routing\Router->Illuminate\Routing\{closure}()
#25 C:\xampp\htdocs\liburan\vendor\laravel\framework\src\Illuminate\Routing\Route.php(109): call_user_func_array(Object(Closure), Array)
#26 C:\xampp\htdocs\liburan\vendor\laravel\framework\src\Illuminate\Routing\Router.php(1033): Illuminate\Routing\Route->run(Object(Illuminate\Http\Request))
#27 C:\xampp\htdocs\liburan\vendor\laravel\framework\src\Illuminate\Routing\Router.php(1001): Illuminate\Routing\Router->dispatchToRoute(Object(Illuminate\Http\Request))
#28 C:\xampp\htdocs\liburan\vendor\laravel\framework\src\Illuminate\Foundation\Application.php(775): Illuminate\Routing\Router->dispatch(Object(Illuminate\Http\Request))
#29 C:\xampp\htdocs\liburan\vendor\laravel\framework\src\Illuminate\Foundation\Application.php(745): Illuminate\Foundation\Application->dispatch(Object(Illuminate\Http\Request))
#30 C:\xampp\htdocs\liburan\vendor\laravel\framework\src\Illuminate\Session\Middleware.php(72): Illuminate\Foundation\Application->handle(Object(Illuminate\Http\Request), 1, true)
#31 C:\xampp\htdocs\liburan\vendor\laravel\framework\src\Illuminate\Cookie\Queue.php(47): Illuminate\Session\Middleware->handle(Object(Illuminate\Http\Request), 1, true)
#32 C:\xampp\htdocs\liburan\vendor\laravel\framework\src\Illuminate\Cookie\Guard.php(51): Illuminate\Cookie\Queue->handle(Object(Illuminate\Http\Request), 1, true)
#33 C:\xampp\htdocs\liburan\vendor\stack\builder\src\Stack\StackedHttpKernel.php(23): Illuminate\Cookie\Guard->handle(Object(Illuminate\Http\Request), 1, true)
#34 C:\xampp\htdocs\liburan\vendor\laravel\framework\src\Illuminate\Foundation\Application.php(641): Stack\StackedHttpKernel->handle(Object(Illuminate\Http\Request))
#35 C:\xampp\htdocs\liburan\public\index.php(49): Illuminate\Foundation\Application->run()
#36 {main} [] []
[2016-01-02 04:59:44] production.ERROR: exception 'PDOException' with message 'SQLSTATE[42S02]: Base table or view not found: 1146 Table 'mate_kul.users' doesn't exist' in C:\xampp\htdocs\liburan\vendor\laravel\framework\src\Illuminate\Database\Connection.php:299
Stack trace:
#0 C:\xampp\htdocs\liburan\vendor\laravel\framework\src\Illuminate\Database\Connection.php(299): PDO->prepare('select * from `...')
#1 C:\xampp\htdocs\liburan\vendor\laravel\framework\src\Illuminate\Database\Connection.php(617): Illuminate\Database\Connection->Illuminate\Database\{closure}(Object(Illuminate\Database\MySqlConnection), 'select * from `...', Array)
#2 C:\xampp\htdocs\liburan\vendor\laravel\framework\src\Illuminate\Database\Connection.php(581): Illuminate\Database\Connection->runQueryCallback('select * from `...', Array, Object(Closure))
#3 C:\xampp\htdocs\liburan\vendor\laravel\framework\src\Illuminate\Database\Connection.php(304): Illuminate\Database\Connection->run('select * from `...', Array, Object(Closure))
#4 C:\xampp\htdocs\liburan\vendor\laravel\framework\src\Illuminate\Database\Query\Builder.php(1412): Illuminate\Database\Connection->select('select * from `...', Array)
#5 C:\xampp\htdocs\liburan\vendor\laravel\framework\src\Illuminate\Database\Query\Builder.php(1397): Illuminate\Database\Query\Builder->runSelect()
#6 C:\xampp\htdocs\liburan\vendor\laravel\framework\src\Illuminate\Database\Query\Builder.php(1384): Illuminate\Database\Query\Builder->getFresh(Array)
#7 C:\xampp\htdocs\liburan\vendor\laravel\framework\src\Illuminate\Database\Eloquent\Builder.php(411): Illuminate\Database\Query\Builder->get(Array)
#8 C:\xampp\htdocs\liburan\vendor\laravel\framework\src\Illuminate\Database\Eloquent\Builder.php(151): Illuminate\Database\Eloquent\Builder->getModels(Array)
#9 C:\xampp\htdocs\liburan\vendor\laravel\framework\src\Illuminate\Database\Eloquent\Builder.php(125): Illuminate\Database\Eloquent\Builder->get(Array)
#10 C:\xampp\htdocs\liburan\vendor\laravel\framework\src\Illuminate\Auth\EloquentUserProvider.php(94): Illuminate\Database\Eloquent\Builder->first()
#11 C:\xampp\htdocs\liburan\vendor\laravel\framework\src\Illuminate\Auth\Guard.php(354): Illuminate\Auth\EloquentUserProvider->retrieveByCredentials(Array)
#12 [internal function]: Illuminate\Auth\Guard->attempt(Array)
#13 C:\xampp\htdocs\liburan\vendor\laravel\framework\src\Illuminate\Support\Manager.php(138): call_user_func_array(Array, Array)
#14 C:\xampp\htdocs\liburan\vendor\laravel\framework\src\Illuminate\Support\Facades\Facade.php(208): Illuminate\Support\Manager->__call('attempt', Array)
#15 C:\xampp\htdocs\liburan\vendor\laravel\framework\src\Illuminate\Support\Facades\Facade.php(208): Illuminate\Auth\AuthManager->attempt(Array)
#16 C:\xampp\htdocs\liburan\app\controllers\LogController.php(16): Illuminate\Support\Facades\Facade::__callStatic('attempt', Array)
#17 C:\xampp\htdocs\liburan\app\controllers\LogController.php(16): Illuminate\Support\Facades\Auth::attempt(Array)
#18 [internal function]: LogController->postMasuk()
#19 C:\xampp\htdocs\liburan\vendor\laravel\framework\src\Illuminate\Routing\Controller.php(231): call_user_func_array(Array, Array)
#20 C:\xampp\htdocs\liburan\vendor\laravel\framework\src\Illuminate\Routing\ControllerDispatcher.php(93): Illuminate\Routing\Controller->callAction('postMasuk', Array)
#21 C:\xampp\htdocs\liburan\vendor\laravel\framework\src\Illuminate\Routing\ControllerDispatcher.php(62): Illuminate\Routing\ControllerDispatcher->call(Object(LogController), Object(Illuminate\Routing\Route), 'postMasuk')
#22 C:\xampp\htdocs\liburan\vendor\laravel\framework\src\Illuminate\Routing\Router.php(967): Illuminate\Routing\ControllerDispatcher->dispatch(Object(Illuminate\Routing\Route), Object(Illuminate\Http\Request), 'LogController', 'postMasuk')
#23 [internal function]: Illuminate\Routing\Router->Illuminate\Routing\{closure}()
#24 C:\xampp\htdocs\liburan\vendor\laravel\framework\src\Illuminate\Routing\Route.php(109): call_user_func_array(Object(Closure), Array)
#25 C:\xampp\htdocs\liburan\vendor\laravel\framework\src\Illuminate\Routing\Router.php(1033): Illuminate\Routing\Route->run(Object(Illuminate\Http\Request))
#26 C:\xampp\htdocs\liburan\vendor\laravel\framework\src\Illuminate\Routing\Router.php(1001): Illuminate\Routing\Router->dispatchToRoute(Object(Illuminate\Http\Request))
#27 C:\xampp\htdocs\liburan\vendor\laravel\framework\src\Illuminate\Foundation\Application.php(775): Illuminate\Routing\Router->dispatch(Object(Illuminate\Http\Request))
#28 C:\xampp\htdocs\liburan\vendor\laravel\framework\src\Illuminate\Foundation\Application.php(745): Illuminate\Foundation\Application->dispatch(Object(Illuminate\Http\Request))
#29 C:\xampp\htdocs\liburan\vendor\laravel\framework\src\Illuminate\Session\Middleware.php(72): Illuminate\Foundation\Application->handle(Object(Illuminate\Http\Request), 1, true)
#30 C:\xampp\htdocs\liburan\vendor\laravel\framework\src\Illuminate\Cookie\Queue.php(47): Illuminate\Session\Middleware->handle(Object(Illuminate\Http\Request), 1, true)
#31 C:\xampp\htdocs\liburan\vendor\laravel\framework\src\Illuminate\Cookie\Guard.php(51): Illuminate\Cookie\Queue->handle(Object(Illuminate\Http\Request), 1, true)
#32 C:\xampp\htdocs\liburan\vendor\stack\builder\src\Stack\StackedHttpKernel.php(23): Illuminate\Cookie\Guard->handle(Object(Illuminate\Http\Request), 1, true)
#33 C:\xampp\htdocs\liburan\vendor\laravel\framework\src\Illuminate\Foundation\Application.php(641): Stack\StackedHttpKernel->handle(Object(Illuminate\Http\Request))
#34 C:\xampp\htdocs\liburan\public\index.php(49): Illuminate\Foundation\Application->run()
#35 {main}

Next exception 'Illuminate\Database\QueryException' with message 'SQLSTATE[42S02]: Base table or view not found: 1146 Table 'mate_kul.users' doesn't exist (SQL: select * from `users` where `username` = andreoktari limit 1)' in C:\xampp\htdocs\liburan\vendor\laravel\framework\src\Illuminate\Database\Connection.php:625
Stack trace:
#0 C:\xampp\htdocs\liburan\vendor\laravel\framework\src\Illuminate\Database\Connection.php(581): Illuminate\Database\Connection->runQueryCallback('select * from `...', Array, Object(Closure))
#1 C:\xampp\htdocs\liburan\vendor\laravel\framework\src\Illuminate\Database\Connection.php(304): Illuminate\Database\Connection->run('select * from `...', Array, Object(Closure))
#2 C:\xampp\htdocs\liburan\vendor\laravel\framework\src\Illuminate\Database\Query\Builder.php(1412): Illuminate\Database\Connection->select('select * from `...', Array)
#3 C:\xampp\htdocs\liburan\vendor\laravel\framework\src\Illuminate\Database\Query\Builder.php(1397): Illuminate\Database\Query\Builder->runSelect()
#4 C:\xampp\htdocs\liburan\vendor\laravel\framework\src\Illuminate\Database\Query\Builder.php(1384): Illuminate\Database\Query\Builder->getFresh(Array)
#5 C:\xampp\htdocs\liburan\vendor\laravel\framework\src\Illuminate\Database\Eloquent\Builder.php(411): Illuminate\Database\Query\Builder->get(Array)
#6 C:\xampp\htdocs\liburan\vendor\laravel\framework\src\Illuminate\Database\Eloquent\Builder.php(151): Illuminate\Database\Eloquent\Builder->getModels(Array)
#7 C:\xampp\htdocs\liburan\vendor\laravel\framework\src\Illuminate\Database\Eloquent\Builder.php(125): Illuminate\Database\Eloquent\Builder->get(Array)
#8 C:\xampp\htdocs\liburan\vendor\laravel\framework\src\Illuminate\Auth\EloquentUserProvider.php(94): Illuminate\Database\Eloquent\Builder->first()
#9 C:\xampp\htdocs\liburan\vendor\laravel\framework\src\Illuminate\Auth\Guard.php(354): Illuminate\Auth\EloquentUserProvider->retrieveByCredentials(Array)
#10 [internal function]: Illuminate\Auth\Guard->attempt(Array)
#11 C:\xampp\htdocs\liburan\vendor\laravel\framework\src\Illuminate\Support\Manager.php(138): call_user_func_array(Array, Array)
#12 C:\xampp\htdocs\liburan\vendor\laravel\framework\src\Illuminate\Support\Facades\Facade.php(208): Illuminate\Support\Manager->__call('attempt', Array)
#13 C:\xampp\htdocs\liburan\vendor\laravel\framework\src\Illuminate\Support\Facades\Facade.php(208): Illuminate\Auth\AuthManager->attempt(Array)
#14 C:\xampp\htdocs\liburan\app\controllers\LogController.php(16): Illuminate\Support\Facades\Facade::__callStatic('attempt', Array)
#15 C:\xampp\htdocs\liburan\app\controllers\LogController.php(16): Illuminate\Support\Facades\Auth::attempt(Array)
#16 [internal function]: LogController->postMasuk()
#17 C:\xampp\htdocs\liburan\vendor\laravel\framework\src\Illuminate\Routing\Controller.php(231): call_user_func_array(Array, Array)
#18 C:\xampp\htdocs\liburan\vendor\laravel\framework\src\Illuminate\Routing\ControllerDispatcher.php(93): Illuminate\Routing\Controller->callAction('postMasuk', Array)
#19 C:\xampp\htdocs\liburan\vendor\laravel\framework\src\Illuminate\Routing\ControllerDispatcher.php(62): Illuminate\Routing\ControllerDispatcher->call(Object(LogController), Object(Illuminate\Routing\Route), 'postMasuk')
#20 C:\xampp\htdocs\liburan\vendor\laravel\framework\src\Illuminate\Routing\Router.php(967): Illuminate\Routing\ControllerDispatcher->dispatch(Object(Illuminate\Routing\Route), Object(Illuminate\Http\Request), 'LogController', 'postMasuk')
#21 [internal function]: Illuminate\Routing\Router->Illuminate\Routing\{closure}()
#22 C:\xampp\htdocs\liburan\vendor\laravel\framework\src\Illuminate\Routing\Route.php(109): call_user_func_array(Object(Closure), Array)
#23 C:\xampp\htdocs\liburan\vendor\laravel\framework\src\Illuminate\Routing\Router.php(1033): Illuminate\Routing\Route->run(Object(Illuminate\Http\Request))
#24 C:\xampp\htdocs\liburan\vendor\laravel\framework\src\Illuminate\Routing\Router.php(1001): Illuminate\Routing\Router->dispatchToRoute(Object(Illuminate\Http\Request))
#25 C:\xampp\htdocs\liburan\vendor\laravel\framework\src\Illuminate\Foundation\Application.php(775): Illuminate\Routing\Router->dispatch(Object(Illuminate\Http\Request))
#26 C:\xampp\htdocs\liburan\vendor\laravel\framework\src\Illuminate\Foundation\Application.php(745): Illuminate\Foundation\Application->dispatch(Object(Illuminate\Http\Request))
#27 C:\xampp\htdocs\liburan\vendor\laravel\framework\src\Illuminate\Session\Middleware.php(72): Illuminate\Foundation\Application->handle(Object(Illuminate\Http\Request), 1, true)
#28 C:\xampp\htdocs\liburan\vendor\laravel\framework\src\Illuminate\Cookie\Queue.php(47): Illuminate\Session\Middleware->handle(Object(Illuminate\Http\Request), 1, true)
#29 C:\xampp\htdocs\liburan\vendor\laravel\framework\src\Illuminate\Cookie\Guard.php(51): Illuminate\Cookie\Queue->handle(Object(Illuminate\Http\Request), 1, true)
#30 C:\xampp\htdocs\liburan\vendor\stack\builder\src\Stack\StackedHttpKernel.php(23): Illuminate\Cookie\Guard->handle(Object(Illuminate\Http\Request), 1, true)
#31 C:\xampp\htdocs\liburan\vendor\laravel\framework\src\Illuminate\Foundation\Application.php(641): Stack\StackedHttpKernel->handle(Object(Illuminate\Http\Request))
#32 C:\xampp\htdocs\liburan\public\index.php(49): Illuminate\Foundation\Application->run()
#33 {main} [] []
[2016-01-02 05:00:23] production.ERROR: exception 'Symfony\Component\HttpKernel\Exception\NotFoundHttpException' in C:\xampp\htdocs\liburan\vendor\laravel\framework\src\Illuminate\Routing\RouteCollection.php:148
Stack trace:
#0 C:\xampp\htdocs\liburan\vendor\laravel\framework\src\Illuminate\Routing\Router.php(1054): Illuminate\Routing\RouteCollection->match(Object(Illuminate\Http\Request))
#1 C:\xampp\htdocs\liburan\vendor\laravel\framework\src\Illuminate\Routing\Router.php(1022): Illuminate\Routing\Router->findRoute(Object(Illuminate\Http\Request))
#2 C:\xampp\htdocs\liburan\vendor\laravel\framework\src\Illuminate\Routing\Router.php(1001): Illuminate\Routing\Router->dispatchToRoute(Object(Illuminate\Http\Request))
#3 C:\xampp\htdocs\liburan\vendor\laravel\framework\src\Illuminate\Foundation\Application.php(775): Illuminate\Routing\Router->dispatch(Object(Illuminate\Http\Request))
#4 C:\xampp\htdocs\liburan\vendor\laravel\framework\src\Illuminate\Foundation\Application.php(745): Illuminate\Foundation\Application->dispatch(Object(Illuminate\Http\Request))
#5 C:\xampp\htdocs\liburan\vendor\laravel\framework\src\Illuminate\Session\Middleware.php(72): Illuminate\Foundation\Application->handle(Object(Illuminate\Http\Request), 1, true)
#6 C:\xampp\htdocs\liburan\vendor\laravel\framework\src\Illuminate\Cookie\Queue.php(47): Illuminate\Session\Middleware->handle(Object(Illuminate\Http\Request), 1, true)
#7 C:\xampp\htdocs\liburan\vendor\laravel\framework\src\Illuminate\Cookie\Guard.php(51): Illuminate\Cookie\Queue->handle(Object(Illuminate\Http\Request), 1, true)
#8 C:\xampp\htdocs\liburan\vendor\stack\builder\src\Stack\StackedHttpKernel.php(23): Illuminate\Cookie\Guard->handle(Object(Illuminate\Http\Request), 1, true)
#9 C:\xampp\htdocs\liburan\vendor\laravel\framework\src\Illuminate\Foundation\Application.php(641): Stack\StackedHttpKernel->handle(Object(Illuminate\Http\Request))
#10 C:\xampp\htdocs\liburan\public\index.php(49): Illuminate\Foundation\Application->run()
#11 {main} [] []
[2016-01-02 05:07:04] production.ERROR: exception 'Symfony\Component\HttpKernel\Exception\NotFoundHttpException' in C:\xampp\htdocs\liburan\vendor\laravel\framework\src\Illuminate\Routing\RouteCollection.php:148
Stack trace:
#0 C:\xampp\htdocs\liburan\vendor\laravel\framework\src\Illuminate\Routing\Router.php(1054): Illuminate\Routing\RouteCollection->match(Object(Illuminate\Http\Request))
#1 C:\xampp\htdocs\liburan\vendor\laravel\framework\src\Illuminate\Routing\Router.php(1022): Illuminate\Routing\Router->findRoute(Object(Illuminate\Http\Request))
#2 C:\xampp\htdocs\liburan\vendor\laravel\framework\src\Illuminate\Routing\Router.php(1001): Illuminate\Routing\Router->dispatchToRoute(Object(Illuminate\Http\Request))
#3 C:\xampp\htdocs\liburan\vendor\laravel\framework\src\Illuminate\Foundation\Application.php(775): Illuminate\Routing\Router->dispatch(Object(Illuminate\Http\Request))
#4 C:\xampp\htdocs\liburan\vendor\laravel\framework\src\Illuminate\Foundation\Application.php(745): Illuminate\Foundation\Application->dispatch(Object(Illuminate\Http\Request))
#5 C:\xampp\htdocs\liburan\vendor\laravel\framework\src\Illuminate\Session\Middleware.php(72): Illuminate\Foundation\Application->handle(Object(Illuminate\Http\Request), 1, true)
#6 C:\xampp\htdocs\liburan\vendor\laravel\framework\src\Illuminate\Cookie\Queue.php(47): Illuminate\Session\Middleware->handle(Object(Illuminate\Http\Request), 1, true)
#7 C:\xampp\htdocs\liburan\vendor\laravel\framework\src\Illuminate\Cookie\Guard.php(51): Illuminate\Cookie\Queue->handle(Object(Illuminate\Http\Request), 1, true)
#8 C:\xampp\htdocs\liburan\vendor\stack\builder\src\Stack\StackedHttpKernel.php(23): Illuminate\Cookie\Guard->handle(Object(Illuminate\Http\Request), 1, true)
#9 C:\xampp\htdocs\liburan\vendor\laravel\framework\src\Illuminate\Foundation\Application.php(641): Stack\StackedHttpKernel->handle(Object(Illuminate\Http\Request))
#10 C:\xampp\htdocs\liburan\public\index.php(49): Illuminate\Foundation\Application->run()
#11 {main} [] []
[2016-01-02 05:32:01] production.ERROR: exception 'Symfony\Component\HttpKernel\Exception\NotFoundHttpException' in C:\xampp\htdocs\liburan\vendor\laravel\framework\src\Illuminate\Routing\RouteCollection.php:148
Stack trace:
#0 C:\xampp\htdocs\liburan\vendor\laravel\framework\src\Illuminate\Routing\Router.php(1054): Illuminate\Routing\RouteCollection->match(Object(Illuminate\Http\Request))
#1 C:\xampp\htdocs\liburan\vendor\laravel\framework\src\Illuminate\Routing\Router.php(1022): Illuminate\Routing\Router->findRoute(Object(Illuminate\Http\Request))
#2 C:\xampp\htdocs\liburan\vendor\laravel\framework\src\Illuminate\Routing\Router.php(1001): Illuminate\Routing\Router->dispatchToRoute(Object(Illuminate\Http\Request))
#3 C:\xampp\htdocs\liburan\vendor\laravel\framework\src\Illuminate\Foundation\Application.php(775): Illuminate\Routing\Router->dispatch(Object(Illuminate\Http\Request))
#4 C:\xampp\htdocs\liburan\vendor\laravel\framework\src\Illuminate\Foundation\Application.php(745): Illuminate\Foundation\Application->dispatch(Object(Illuminate\Http\Request))
#5 C:\xampp\htdocs\liburan\vendor\laravel\framework\src\Illuminate\Session\Middleware.php(72): Illuminate\Foundation\Application->handle(Object(Illuminate\Http\Request), 1, true)
#6 C:\xampp\htdocs\liburan\vendor\laravel\framework\src\Illuminate\Cookie\Queue.php(47): Illuminate\Session\Middleware->handle(Object(Illuminate\Http\Request), 1, true)
#7 C:\xampp\htdocs\liburan\vendor\laravel\framework\src\Illuminate\Cookie\Guard.php(51): Illuminate\Cookie\Queue->handle(Object(Illuminate\Http\Request), 1, true)
#8 C:\xampp\htdocs\liburan\vendor\stack\builder\src\Stack\StackedHttpKernel.php(23): Illuminate\Cookie\Guard->handle(Object(Illuminate\Http\Request), 1, true)
#9 C:\xampp\htdocs\liburan\vendor\laravel\framework\src\Illuminate\Foundation\Application.php(641): Stack\StackedHttpKernel->handle(Object(Illuminate\Http\Request))
#10 C:\xampp\htdocs\liburan\public\index.php(49): Illuminate\Foundation\Application->run()
#11 {main} [] []
[2016-01-02 05:41:17] production.ERROR: exception 'Symfony\Component\HttpKernel\Exception\NotFoundHttpException' in C:\xampp\htdocs\liburan\vendor\laravel\framework\src\Illuminate\Routing\RouteCollection.php:148
Stack trace:
#0 C:\xampp\htdocs\liburan\vendor\laravel\framework\src\Illuminate\Routing\Router.php(1054): Illuminate\Routing\RouteCollection->match(Object(Illuminate\Http\Request))
#1 C:\xampp\htdocs\liburan\vendor\laravel\framework\src\Illuminate\Routing\Router.php(1022): Illuminate\Routing\Router->findRoute(Object(Illuminate\Http\Request))
#2 C:\xampp\htdocs\liburan\vendor\laravel\framework\src\Illuminate\Routing\Router.php(1001): Illuminate\Routing\Router->dispatchToRoute(Object(Illuminate\Http\Request))
#3 C:\xampp\htdocs\liburan\vendor\laravel\framework\src\Illuminate\Foundation\Application.php(775): Illuminate\Routing\Router->dispatch(Object(Illuminate\Http\Request))
#4 C:\xampp\htdocs\liburan\vendor\laravel\framework\src\Illuminate\Foundation\Application.php(745): Illuminate\Foundation\Application->dispatch(Object(Illuminate\Http\Request))
#5 C:\xampp\htdocs\liburan\vendor\laravel\framework\src\Illuminate\Session\Middleware.php(72): Illuminate\Foundation\Application->handle(Object(Illuminate\Http\Request), 1, true)
#6 C:\xampp\htdocs\liburan\vendor\laravel\framework\src\Illuminate\Cookie\Queue.php(47): Illuminate\Session\Middleware->handle(Object(Illuminate\Http\Request), 1, true)
#7 C:\xampp\htdocs\liburan\vendor\laravel\framework\src\Illuminate\Cookie\Guard.php(51): Illuminate\Cookie\Queue->handle(Object(Illuminate\Http\Request), 1, true)
#8 C:\xampp\htdocs\liburan\vendor\stack\builder\src\Stack\StackedHttpKernel.php(23): Illuminate\Cookie\Guard->handle(Object(Illuminate\Http\Request), 1, true)
#9 C:\xampp\htdocs\liburan\vendor\laravel\framework\src\Illuminate\Foundation\Application.php(641): Stack\StackedHttpKernel->handle(Object(Illuminate\Http\Request))
#10 C:\xampp\htdocs\liburan\public\index.php(49): Illuminate\Foundation\Application->run()
#11 {main} [] []
[2016-01-02 05:42:19] production.ERROR: exception 'Symfony\Component\HttpKernel\Exception\NotFoundHttpException' in C:\xampp\htdocs\liburan\vendor\laravel\framework\src\Illuminate\Routing\RouteCollection.php:148
Stack trace:
#0 C:\xampp\htdocs\liburan\vendor\laravel\framework\src\Illuminate\Routing\Router.php(1054): Illuminate\Routing\RouteCollection->match(Object(Illuminate\Http\Request))
#1 C:\xampp\htdocs\liburan\vendor\laravel\framework\src\Illuminate\Routing\Router.php(1022): Illuminate\Routing\Router->findRoute(Object(Illuminate\Http\Request))
#2 C:\xampp\htdocs\liburan\vendor\laravel\framework\src\Illuminate\Routing\Router.php(1001): Illuminate\Routing\Router->dispatchToRoute(Object(Illuminate\Http\Request))
#3 C:\xampp\htdocs\liburan\vendor\laravel\framework\src\Illuminate\Foundation\Application.php(775): Illuminate\Routing\Router->dispatch(Object(Illuminate\Http\Request))
#4 C:\xampp\htdocs\liburan\vendor\laravel\framework\src\Illuminate\Foundation\Application.php(745): Illuminate\Foundation\Application->dispatch(Object(Illuminate\Http\Request))
#5 C:\xampp\htdocs\liburan\vendor\laravel\framework\src\Illuminate\Session\Middleware.php(72): Illuminate\Foundation\Application->handle(Object(Illuminate\Http\Request), 1, true)
#6 C:\xampp\htdocs\liburan\vendor\laravel\framework\src\Illuminate\Cookie\Queue.php(47): Illuminate\Session\Middleware->handle(Object(Illuminate\Http\Request), 1, true)
#7 C:\xampp\htdocs\liburan\vendor\laravel\framework\src\Illuminate\Cookie\Guard.php(51): Illuminate\Cookie\Queue->handle(Object(Illuminate\Http\Request), 1, true)
#8 C:\xampp\htdocs\liburan\vendor\stack\builder\src\Stack\StackedHttpKernel.php(23): Illuminate\Cookie\Guard->handle(Object(Illuminate\Http\Request), 1, true)
#9 C:\xampp\htdocs\liburan\vendor\laravel\framework\src\Illuminate\Foundation\Application.php(641): Stack\StackedHttpKernel->handle(Object(Illuminate\Http\Request))
#10 C:\xampp\htdocs\liburan\public\index.php(49): Illuminate\Foundation\Application->run()
#11 {main} [] []
[2016-01-02 05:43:15] production.ERROR: exception 'Symfony\Component\HttpKernel\Exception\NotFoundHttpException' in C:\xampp\htdocs\liburan\vendor\laravel\framework\src\Illuminate\Routing\RouteCollection.php:148
Stack trace:
#0 C:\xampp\htdocs\liburan\vendor\laravel\framework\src\Illuminate\Routing\Router.php(1054): Illuminate\Routing\RouteCollection->match(Object(Illuminate\Http\Request))
#1 C:\xampp\htdocs\liburan\vendor\laravel\framework\src\Illuminate\Routing\Router.php(1022): Illuminate\Routing\Router->findRoute(Object(Illuminate\Http\Request))
#2 C:\xampp\htdocs\liburan\vendor\laravel\framework\src\Illuminate\Routing\Router.php(1001): Illuminate\Routing\Router->dispatchToRoute(Object(Illuminate\Http\Request))
#3 C:\xampp\htdocs\liburan\vendor\laravel\framework\src\Illuminate\Foundation\Application.php(775): Illuminate\Routing\Router->dispatch(Object(Illuminate\Http\Request))
#4 C:\xampp\htdocs\liburan\vendor\laravel\framework\src\Illuminate\Foundation\Application.php(745): Illuminate\Foundation\Application->dispatch(Object(Illuminate\Http\Request))
#5 C:\xampp\htdocs\liburan\vendor\laravel\framework\src\Illuminate\Session\Middleware.php(72): Illuminate\Foundation\Application->handle(Object(Illuminate\Http\Request), 1, true)
#6 C:\xampp\htdocs\liburan\vendor\laravel\framework\src\Illuminate\Cookie\Queue.php(47): Illuminate\Session\Middleware->handle(Object(Illuminate\Http\Request), 1, true)
#7 C:\xampp\htdocs\liburan\vendor\laravel\framework\src\Illuminate\Cookie\Guard.php(51): Illuminate\Cookie\Queue->handle(Object(Illuminate\Http\Request), 1, true)
#8 C:\xampp\htdocs\liburan\vendor\stack\builder\src\Stack\StackedHttpKernel.php(23): Illuminate\Cookie\Guard->handle(Object(Illuminate\Http\Request), 1, true)
#9 C:\xampp\htdocs\liburan\vendor\laravel\framework\src\Illuminate\Foundation\Application.php(641): Stack\StackedHttpKernel->handle(Object(Illuminate\Http\Request))
#10 C:\xampp\htdocs\liburan\public\index.php(49): Illuminate\Foundation\Application->run()
#11 {main} [] []
[2016-01-02 05:45:54] production.ERROR: exception 'PDOException' with message 'SQLSTATE[42S22]: Column not found: 1054 Unknown column 'updated_at' in 'field list'' in C:\xampp\htdocs\liburan\vendor\laravel\framework\src\Illuminate\Database\Connection.php:389
Stack trace:
#0 C:\xampp\htdocs\liburan\vendor\laravel\framework\src\Illuminate\Database\Connection.php(389): PDO->prepare('update `user` s...')
#1 C:\xampp\htdocs\liburan\vendor\laravel\framework\src\Illuminate\Database\Connection.php(617): Illuminate\Database\Connection->Illuminate\Database\{closure}(Object(Illuminate\Database\MySqlConnection), 'update `user` s...', Array)
#2 C:\xampp\htdocs\liburan\vendor\laravel\framework\src\Illuminate\Database\Connection.php(581): Illuminate\Database\Connection->runQueryCallback('update `user` s...', Array, Object(Closure))
#3 C:\xampp\htdocs\liburan\vendor\laravel\framework\src\Illuminate\Database\Connection.php(394): Illuminate\Database\Connection->run('update `user` s...', Array, Object(Closure))
#4 C:\xampp\htdocs\liburan\vendor\laravel\framework\src\Illuminate\Database\Connection.php(339): Illuminate\Database\Connection->affectingStatement('update `user` s...', Array)
#5 C:\xampp\htdocs\liburan\vendor\laravel\framework\src\Illuminate\Database\Query\Builder.php(1925): Illuminate\Database\Connection->update('update `user` s...', Array)
#6 C:\xampp\htdocs\liburan\vendor\laravel\framework\src\Illuminate\Database\Eloquent\Builder.php(316): Illuminate\Database\Query\Builder->update(Array)
#7 C:\xampp\htdocs\liburan\vendor\laravel\framework\src\Illuminate\Database\Eloquent\Model.php(1515): Illuminate\Database\Eloquent\Builder->update(Array)
#8 C:\xampp\htdocs\liburan\vendor\laravel\framework\src\Illuminate\Database\Eloquent\Model.php(1448): Illuminate\Database\Eloquent\Model->performUpdate(Object(Illuminate\Database\Eloquent\Builder), Array)
#9 C:\xampp\htdocs\liburan\vendor\laravel\framework\src\Illuminate\Auth\EloquentUserProvider.php(73): Illuminate\Database\Eloquent\Model->save()
#10 C:\xampp\htdocs\liburan\vendor\laravel\framework\src\Illuminate\Auth\Guard.php(567): Illuminate\Auth\EloquentUserProvider->updateRememberToken(Object(User), 'tU7GSUQnMvLA8A9...')
#11 C:\xampp\htdocs\liburan\vendor\laravel\framework\src\Illuminate\Auth\Guard.php(527): Illuminate\Auth\Guard->refreshRememberToken(Object(User))
#12 [internal function]: Illuminate\Auth\Guard->logout()
#13 C:\xampp\htdocs\liburan\vendor\laravel\framework\src\Illuminate\Support\Manager.php(138): call_user_func_array(Array, Array)
#14 C:\xampp\htdocs\liburan\vendor\laravel\framework\src\Illuminate\Support\Facades\Facade.php(205): Illuminate\Support\Manager->__call('logout', Array)
#15 C:\xampp\htdocs\liburan\vendor\laravel\framework\src\Illuminate\Support\Facades\Facade.php(205): Illuminate\Auth\AuthManager->logout()
#16 C:\xampp\htdocs\liburan\app\controllers\LogController.php(28): Illuminate\Support\Facades\Facade::__callStatic('logout', Array)
#17 C:\xampp\htdocs\liburan\app\controllers\LogController.php(28): Illuminate\Support\Facades\Auth::logout()
#18 [internal function]: LogController->getLogout()
#19 C:\xampp\htdocs\liburan\vendor\laravel\framework\src\Illuminate\Routing\Controller.php(231): call_user_func_array(Array, Array)
#20 C:\xampp\htdocs\liburan\vendor\laravel\framework\src\Illuminate\Routing\ControllerDispatcher.php(93): Illuminate\Routing\Controller->callAction('getLogout', Array)
#21 C:\xampp\htdocs\liburan\vendor\laravel\framework\src\Illuminate\Routing\ControllerDispatcher.php(62): Illuminate\Routing\ControllerDispatcher->call(Object(LogController), Object(Illuminate\Routing\Route), 'getLogout')
#22 C:\xampp\htdocs\liburan\vendor\laravel\framework\src\Illuminate\Routing\Router.php(967): Illuminate\Routing\ControllerDispatcher->dispatch(Object(Illuminate\Routing\Route), Object(Illuminate\Http\Request), 'LogController', 'getLogout')
#23 [internal function]: Illuminate\Routing\Router->Illuminate\Routing\{closure}()
#24 C:\xampp\htdocs\liburan\vendor\laravel\framework\src\Illuminate\Routing\Route.php(109): call_user_func_array(Object(Closure), Array)
#25 C:\xampp\htdocs\liburan\vendor\laravel\framework\src\Illuminate\Routing\Router.php(1033): Illuminate\Routing\Route->run(Object(Illuminate\Http\Request))
#26 C:\xampp\htdocs\liburan\vendor\laravel\framework\src\Illuminate\Routing\Router.php(1001): Illuminate\Routing\Router->dispatchToRoute(Object(Illuminate\Http\Request))
#27 C:\xampp\htdocs\liburan\vendor\laravel\framework\src\Illuminate\Foundation\Application.php(775): Illuminate\Routing\Router->dispatch(Object(Illuminate\Http\Request))
#28 C:\xampp\htdocs\liburan\vendor\laravel\framework\src\Illuminate\Foundation\Application.php(745): Illuminate\Foundation\Application->dispatch(Object(Illuminate\Http\Request))
#29 C:\xampp\htdocs\liburan\vendor\laravel\framework\src\Illuminate\Session\Middleware.php(72): Illuminate\Foundation\Application->handle(Object(Illuminate\Http\Request), 1, true)
#30 C:\xampp\htdocs\liburan\vendor\laravel\framework\src\Illuminate\Cookie\Queue.php(47): Illuminate\Session\Middleware->handle(Object(Illuminate\Http\Request), 1, true)
#31 C:\xampp\htdocs\liburan\vendor\laravel\framework\src\Illuminate\Cookie\Guard.php(51): Illuminate\Cookie\Queue->handle(Object(Illuminate\Http\Request), 1, true)
#32 C:\xampp\htdocs\liburan\vendor\stack\builder\src\Stack\StackedHttpKernel.php(23): Illuminate\Cookie\Guard->handle(Object(Illuminate\Http\Request), 1, true)
#33 C:\xampp\htdocs\liburan\vendor\laravel\framework\src\Illuminate\Foundation\Application.php(641): Stack\StackedHttpKernel->handle(Object(Illuminate\Http\Request))
#34 C:\xampp\htdocs\liburan\public\index.php(49): Illuminate\Foundation\Application->run()
#35 {main}

Next exception 'Illuminate\Database\QueryException' with message 'SQLSTATE[42S22]: Column not found: 1054 Unknown column 'updated_at' in 'field list' (SQL: update `user` set `remember_token` = tU7GSUQnMvLA8A9MEJ5vTF9KJVgi3YFhaxQGnPJwd0RewPBVs8SBGRQvkCXr, `updated_at` = 2016-01-02 05:45:54 where `id` = 5)' in C:\xampp\htdocs\liburan\vendor\laravel\framework\src\Illuminate\Database\Connection.php:625
Stack trace:
#0 C:\xampp\htdocs\liburan\vendor\laravel\framework\src\Illuminate\Database\Connection.php(581): Illuminate\Database\Connection->runQueryCallback('update `user` s...', Array, Object(Closure))
#1 C:\xampp\htdocs\liburan\vendor\laravel\framework\src\Illuminate\Database\Connection.php(394): Illuminate\Database\Connection->run('update `user` s...', Array, Object(Closure))
#2 C:\xampp\htdocs\liburan\vendor\laravel\framework\src\Illuminate\Database\Connection.php(339): Illuminate\Database\Connection->affectingStatement('update `user` s...', Array)
#3 C:\xampp\htdocs\liburan\vendor\laravel\framework\src\Illuminate\Database\Query\Builder.php(1925): Illuminate\Database\Connection->update('update `user` s...', Array)
#4 C:\xampp\htdocs\liburan\vendor\laravel\framework\src\Illuminate\Database\Eloquent\Builder.php(316): Illuminate\Database\Query\Builder->update(Array)
#5 C:\xampp\htdocs\liburan\vendor\laravel\framework\src\Illuminate\Database\Eloquent\Model.php(1515): Illuminate\Database\Eloquent\Builder->update(Array)
#6 C:\xampp\htdocs\liburan\vendor\laravel\framework\src\Illuminate\Database\Eloquent\Model.php(1448): Illuminate\Database\Eloquent\Model->performUpdate(Object(Illuminate\Database\Eloquent\Builder), Array)
#7 C:\xampp\htdocs\liburan\vendor\laravel\framework\src\Illuminate\Auth\EloquentUserProvider.php(73): Illuminate\Database\Eloquent\Model->save()
#8 C:\xampp\htdocs\liburan\vendor\laravel\framework\src\Illuminate\Auth\Guard.php(567): Illuminate\Auth\EloquentUserProvider->updateRememberToken(Object(User), 'tU7GSUQnMvLA8A9...')
#9 C:\xampp\htdocs\liburan\vendor\laravel\framework\src\Illuminate\Auth\Guard.php(527): Illuminate\Auth\Guard->refreshRememberToken(Object(User))
#10 [internal function]: Illuminate\Auth\Guard->logout()
#11 C:\xampp\htdocs\liburan\vendor\laravel\framework\src\Illuminate\Support\Manager.php(138): call_user_func_array(Array, Array)
#12 C:\xampp\htdocs\liburan\vendor\laravel\framework\src\Illuminate\Support\Facades\Facade.php(205): Illuminate\Support\Manager->__call('logout', Array)
#13 C:\xampp\htdocs\liburan\vendor\laravel\framework\src\Illuminate\Support\Facades\Facade.php(205): Illuminate\Auth\AuthManager->logout()
#14 C:\xampp\htdocs\liburan\app\controllers\LogController.php(28): Illuminate\Support\Facades\Facade::__callStatic('logout', Array)
#15 C:\xampp\htdocs\liburan\app\controllers\LogController.php(28): Illuminate\Support\Facades\Auth::logout()
#16 [internal function]: LogController->getLogout()
#17 C:\xampp\htdocs\liburan\vendor\laravel\framework\src\Illuminate\Routing\Controller.php(231): call_user_func_array(Array, Array)
#18 C:\xampp\htdocs\liburan\vendor\laravel\framework\src\Illuminate\Routing\ControllerDispatcher.php(93): Illuminate\Routing\Controller->callAction('getLogout', Array)
#19 C:\xampp\htdocs\liburan\vendor\laravel\framework\src\Illuminate\Routing\ControllerDispatcher.php(62): Illuminate\Routing\ControllerDispatcher->call(Object(LogController), Object(Illuminate\Routing\Route), 'getLogout')
#20 C:\xampp\htdocs\liburan\vendor\laravel\framework\src\Illuminate\Routing\Router.php(967): Illuminate\Routing\ControllerDispatcher->dispatch(Object(Illuminate\Routing\Route), Object(Illuminate\Http\Request), 'LogController', 'getLogout')
#21 [internal function]: Illuminate\Routing\Router->Illuminate\Routing\{closure}()
#22 C:\xampp\htdocs\liburan\vendor\laravel\framework\src\Illuminate\Routing\Route.php(109): call_user_func_array(Object(Closure), Array)
#23 C:\xampp\htdocs\liburan\vendor\laravel\framework\src\Illuminate\Routing\Router.php(1033): Illuminate\Routing\Route->run(Object(Illuminate\Http\Request))
#24 C:\xampp\htdocs\liburan\vendor\laravel\framework\src\Illuminate\Routing\Router.php(1001): Illuminate\Routing\Router->dispatchToRoute(Object(Illuminate\Http\Request))
#25 C:\xampp\htdocs\liburan\vendor\laravel\framework\src\Illuminate\Foundation\Application.php(775): Illuminate\Routing\Router->dispatch(Object(Illuminate\Http\Request))
#26 C:\xampp\htdocs\liburan\vendor\laravel\framework\src\Illuminate\Foundation\Application.php(745): Illuminate\Foundation\Application->dispatch(Object(Illuminate\Http\Request))
#27 C:\xampp\htdocs\liburan\vendor\laravel\framework\src\Illuminate\Session\Middleware.php(72): Illuminate\Foundation\Application->handle(Object(Illuminate\Http\Request), 1, true)
#28 C:\xampp\htdocs\liburan\vendor\laravel\framework\src\Illuminate\Cookie\Queue.php(47): Illuminate\Session\Middleware->handle(Object(Illuminate\Http\Request), 1, true)
#29 C:\xampp\htdocs\liburan\vendor\laravel\framework\src\Illuminate\Cookie\Guard.php(51): Illuminate\Cookie\Queue->handle(Object(Illuminate\Http\Request), 1, true)
#30 C:\xampp\htdocs\liburan\vendor\stack\builder\src\Stack\StackedHttpKernel.php(23): Illuminate\Cookie\Guard->handle(Object(Illuminate\Http\Request), 1, true)
#31 C:\xampp\htdocs\liburan\vendor\laravel\framework\src\Illuminate\Foundation\Application.php(641): Stack\StackedHttpKernel->handle(Object(Illuminate\Http\Request))
#32 C:\xampp\htdocs\liburan\public\index.php(49): Illuminate\Foundation\Application->run()
#33 {main} [] []
